<?xml version="1.0" encoding="UTF-8"?>
<robot generator="Robot 3.2.1 (Python 3.8.2 on darwin)" generated="20200816 19:06:13.868" rpa="false">
<suite id="s1" name="Login Form" source="/Users/robsons/projetos/projeto_robot_web/robotweb/web/tests/login_form.robot">
<test id="s1-t1" name="Login com sucesso">
<kw name="Nova sessão" library="base" type="setup">
<kw name="Open Browser" library="SeleniumLibrary">
<doc>Opens a new browser instance to the optional ``url``.</doc>
<arguments>
<arg>${url}</arg>
<arg>chrome</arg>
</arguments>
<msg timestamp="20200816 19:06:14.089" level="INFO">Opening browser 'chrome' to base url 'https://training-wheels-protocol.herokuapp.com/'.</msg>
<status status="PASS" starttime="20200816 19:06:14.089" endtime="20200816 19:06:20.805"></status>
</kw>
<status status="PASS" starttime="20200816 19:06:14.089" endtime="20200816 19:06:20.805"></status>
</kw>
<kw name="Go To" library="SeleniumLibrary">
<doc>Navigates the current browser window to the provided ``url``.</doc>
<arguments>
<arg>${url}/login</arg>
</arguments>
<msg timestamp="20200816 19:06:20.806" level="INFO">Opening url 'https://training-wheels-protocol.herokuapp.com//login'</msg>
<status status="PASS" starttime="20200816 19:06:20.806" endtime="20200816 19:06:21.227"></status>
</kw>
<kw name="Login With">
<arguments>
<arg>stark</arg>
<arg>jarvis!</arg>
</arguments>
<kw name="Input Text" library="SeleniumLibrary">
<doc>Types the given ``text`` into the text field identified by ``locator``.</doc>
<arguments>
<arg>css:input[name=username]</arg>
<arg>${uname}</arg>
</arguments>
<msg timestamp="20200816 19:06:21.227" level="INFO">Typing text 'stark' into text field 'css:input[name=username]'.</msg>
<status status="PASS" starttime="20200816 19:06:21.227" endtime="20200816 19:06:21.405"></status>
</kw>
<kw name="Input Text" library="SeleniumLibrary">
<doc>Types the given ``text`` into the text field identified by ``locator``.</doc>
<arguments>
<arg>css:input[name=password]</arg>
<arg>${pass}</arg>
</arguments>
<msg timestamp="20200816 19:06:21.406" level="INFO">Typing text 'jarvis!' into text field 'css:input[name=password]'.</msg>
<status status="PASS" starttime="20200816 19:06:21.406" endtime="20200816 19:06:21.483"></status>
</kw>
<kw name="Click Element" library="SeleniumLibrary">
<doc>Click the element identified by ``locator``.</doc>
<arguments>
<arg>class:btn-login</arg>
</arguments>
<msg timestamp="20200816 19:06:21.483" level="INFO">Clicking element 'class:btn-login'.</msg>
<status status="PASS" starttime="20200816 19:06:21.483" endtime="20200816 19:06:21.893"></status>
</kw>
<status status="PASS" starttime="20200816 19:06:21.227" endtime="20200816 19:06:21.893"></status>
</kw>
<kw name="Should See Logged User">
<arguments>
<arg>Tony Stark</arg>
</arguments>
<kw name="Page Should Contain" library="SeleniumLibrary">
<doc>Verifies that current page contains ``text``.</doc>
<arguments>
<arg>Olá, ${full_name}. Você acessou a área logada!</arg>
</arguments>
<msg timestamp="20200816 19:06:21.909" level="INFO">Current page contains text 'Olá, Tony Stark. Você acessou a área logada!'.</msg>
<status status="PASS" starttime="20200816 19:06:21.894" endtime="20200816 19:06:21.910"></status>
</kw>
<status status="PASS" starttime="20200816 19:06:21.893" endtime="20200816 19:06:21.910"></status>
</kw>
<kw name="Encerra sessão" library="base" type="teardown">
<kw name="Capture Page Screenshot" library="SeleniumLibrary">
<doc>Takes a screenshot of the current page and embeds it into a log file.</doc>
<msg timestamp="20200816 19:06:22.213" level="INFO" html="yes">&lt;/td&gt;&lt;/tr&gt;&lt;tr&gt;&lt;td colspan="3"&gt;&lt;a href="selenium-screenshot-33.png"&gt;&lt;img src="selenium-screenshot-33.png" width="800px"&gt;&lt;/a&gt;</msg>
<status status="PASS" starttime="20200816 19:06:21.910" endtime="20200816 19:06:22.213"></status>
</kw>
<kw name="Close Browser" library="SeleniumLibrary">
<doc>Closes the current browser.</doc>
<status status="PASS" starttime="20200816 19:06:22.213" endtime="20200816 19:06:22.296"></status>
</kw>
<status status="PASS" starttime="20200816 19:06:21.910" endtime="20200816 19:06:22.297"></status>
</kw>
<status status="PASS" starttime="20200816 19:06:14.088" endtime="20200816 19:06:22.297" critical="yes"></status>
</test>
<test id="s1-t2" name="Senha inválida">
<kw name="Nova sessão" library="base" type="setup">
<kw name="Open Browser" library="SeleniumLibrary">
<doc>Opens a new browser instance to the optional ``url``.</doc>
<arguments>
<arg>${url}</arg>
<arg>chrome</arg>
</arguments>
<msg timestamp="20200816 19:06:22.299" level="INFO">Opening browser 'chrome' to base url 'https://training-wheels-protocol.herokuapp.com/'.</msg>
<status status="PASS" starttime="20200816 19:06:22.299" endtime="20200816 19:06:26.935"></status>
</kw>
<status status="PASS" starttime="20200816 19:06:22.298" endtime="20200816 19:06:26.935"></status>
</kw>
<kw name="Go To" library="SeleniumLibrary">
<doc>Navigates the current browser window to the provided ``url``.</doc>
<arguments>
<arg>${url}/login</arg>
</arguments>
<msg timestamp="20200816 19:06:26.936" level="INFO">Opening url 'https://training-wheels-protocol.herokuapp.com//login'</msg>
<status status="PASS" starttime="20200816 19:06:26.935" endtime="20200816 19:06:27.359"></status>
</kw>
<kw name="Login With">
<arguments>
<arg>stark</arg>
<arg>abc123</arg>
</arguments>
<kw name="Input Text" library="SeleniumLibrary">
<doc>Types the given ``text`` into the text field identified by ``locator``.</doc>
<arguments>
<arg>css:input[name=username]</arg>
<arg>${uname}</arg>
</arguments>
<msg timestamp="20200816 19:06:27.360" level="INFO">Typing text 'stark' into text field 'css:input[name=username]'.</msg>
<status status="PASS" starttime="20200816 19:06:27.360" endtime="20200816 19:06:27.522"></status>
</kw>
<kw name="Input Text" library="SeleniumLibrary">
<doc>Types the given ``text`` into the text field identified by ``locator``.</doc>
<arguments>
<arg>css:input[name=password]</arg>
<arg>${pass}</arg>
</arguments>
<msg timestamp="20200816 19:06:27.523" level="INFO">Typing text 'abc123' into text field 'css:input[name=password]'.</msg>
<status status="PASS" starttime="20200816 19:06:27.523" endtime="20200816 19:06:27.600"></status>
</kw>
<kw name="Click Element" library="SeleniumLibrary">
<doc>Click the element identified by ``locator``.</doc>
<arguments>
<arg>class:btn-login</arg>
</arguments>
<msg timestamp="20200816 19:06:27.600" level="INFO">Clicking element 'class:btn-login'.</msg>
<status status="PASS" starttime="20200816 19:06:27.600" endtime="20200816 19:06:28.031"></status>
</kw>
<status status="PASS" starttime="20200816 19:06:27.360" endtime="20200816 19:06:28.031"></status>
</kw>
<kw name="Should Contain Login Alert">
<arguments>
<arg>Senha é invalida!</arg>
</arguments>
<kw name="Get WebElement" library="SeleniumLibrary">
<doc>Returns the first WebElement matching the given ``locator``.</doc>
<arguments>
<arg>id:flash</arg>
</arguments>
<assign>
<var>${message}</var>
</assign>
<msg timestamp="20200816 19:06:28.042" level="INFO">${message} = &lt;selenium.webdriver.remote.webelement.WebElement (session="c6ed702f38144affa92df7708219b63f", element="d202b416-5c96-4430-bb8c-9c3abb832ab4")&gt;</msg>
<status status="PASS" starttime="20200816 19:06:28.032" endtime="20200816 19:06:28.042"></status>
</kw>
<kw name="Should Contain" library="BuiltIn">
<doc>Fails if ``container`` does not contain ``item`` one or more times.</doc>
<arguments>
<arg>${message.text}</arg>
<arg>${expected_message}</arg>
</arguments>
<status status="PASS" starttime="20200816 19:06:28.042" endtime="20200816 19:06:28.054"></status>
</kw>
<status status="PASS" starttime="20200816 19:06:28.031" endtime="20200816 19:06:28.055"></status>
</kw>
<kw name="Encerra sessão" library="base" type="teardown">
<kw name="Capture Page Screenshot" library="SeleniumLibrary">
<doc>Takes a screenshot of the current page and embeds it into a log file.</doc>
<msg timestamp="20200816 19:06:28.358" level="INFO" html="yes">&lt;/td&gt;&lt;/tr&gt;&lt;tr&gt;&lt;td colspan="3"&gt;&lt;a href="selenium-screenshot-34.png"&gt;&lt;img src="selenium-screenshot-34.png" width="800px"&gt;&lt;/a&gt;</msg>
<status status="PASS" starttime="20200816 19:06:28.055" endtime="20200816 19:06:28.358"></status>
</kw>
<kw name="Close Browser" library="SeleniumLibrary">
<doc>Closes the current browser.</doc>
<status status="PASS" starttime="20200816 19:06:28.358" endtime="20200816 19:06:28.439"></status>
</kw>
<status status="PASS" starttime="20200816 19:06:28.055" endtime="20200816 19:06:28.440"></status>
</kw>
<tags>
<tag>login_error</tag>
</tags>
<status status="PASS" starttime="20200816 19:06:22.298" endtime="20200816 19:06:28.440" critical="yes"></status>
</test>
<test id="s1-t3" name="Usuário inválido">
<kw name="Nova sessão" library="base" type="setup">
<kw name="Open Browser" library="SeleniumLibrary">
<doc>Opens a new browser instance to the optional ``url``.</doc>
<arguments>
<arg>${url}</arg>
<arg>chrome</arg>
</arguments>
<msg timestamp="20200816 19:06:28.443" level="INFO">Opening browser 'chrome' to base url 'https://training-wheels-protocol.herokuapp.com/'.</msg>
<status status="PASS" starttime="20200816 19:06:28.442" endtime="20200816 19:06:33.122"></status>
</kw>
<status status="PASS" starttime="20200816 19:06:28.442" endtime="20200816 19:06:33.123"></status>
</kw>
<kw name="Go To" library="SeleniumLibrary">
<doc>Navigates the current browser window to the provided ``url``.</doc>
<arguments>
<arg>${url}/login</arg>
</arguments>
<msg timestamp="20200816 19:06:33.123" level="INFO">Opening url 'https://training-wheels-protocol.herokuapp.com//login'</msg>
<status status="PASS" starttime="20200816 19:06:33.123" endtime="20200816 19:06:33.521"></status>
</kw>
<kw name="Login With">
<arguments>
<arg>usertest</arg>
<arg>abc123</arg>
</arguments>
<kw name="Input Text" library="SeleniumLibrary">
<doc>Types the given ``text`` into the text field identified by ``locator``.</doc>
<arguments>
<arg>css:input[name=username]</arg>
<arg>${uname}</arg>
</arguments>
<msg timestamp="20200816 19:06:33.522" level="INFO">Typing text 'usertest' into text field 'css:input[name=username]'.</msg>
<status status="PASS" starttime="20200816 19:06:33.522" endtime="20200816 19:06:33.691"></status>
</kw>
<kw name="Input Text" library="SeleniumLibrary">
<doc>Types the given ``text`` into the text field identified by ``locator``.</doc>
<arguments>
<arg>css:input[name=password]</arg>
<arg>${pass}</arg>
</arguments>
<msg timestamp="20200816 19:06:33.692" level="INFO">Typing text 'abc123' into text field 'css:input[name=password]'.</msg>
<status status="PASS" starttime="20200816 19:06:33.691" endtime="20200816 19:06:33.777"></status>
</kw>
<kw name="Click Element" library="SeleniumLibrary">
<doc>Click the element identified by ``locator``.</doc>
<arguments>
<arg>class:btn-login</arg>
</arguments>
<msg timestamp="20200816 19:06:33.777" level="INFO">Clicking element 'class:btn-login'.</msg>
<status status="PASS" starttime="20200816 19:06:33.777" endtime="20200816 19:06:34.200"></status>
</kw>
<status status="PASS" starttime="20200816 19:06:33.521" endtime="20200816 19:06:34.200"></status>
</kw>
<kw name="Should Contain Login Alert">
<arguments>
<arg>O usuário informado não está cadastrado!</arg>
</arguments>
<kw name="Get WebElement" library="SeleniumLibrary">
<doc>Returns the first WebElement matching the given ``locator``.</doc>
<arguments>
<arg>id:flash</arg>
</arguments>
<assign>
<var>${message}</var>
</assign>
<msg timestamp="20200816 19:06:34.209" level="INFO">${message} = &lt;selenium.webdriver.remote.webelement.WebElement (session="50e49a1ee6872019f8053041f710e85c", element="6096f65f-7752-4747-8fff-adf41f8f714f")&gt;</msg>
<status status="PASS" starttime="20200816 19:06:34.200" endtime="20200816 19:06:34.209"></status>
</kw>
<kw name="Should Contain" library="BuiltIn">
<doc>Fails if ``container`` does not contain ``item`` one or more times.</doc>
<arguments>
<arg>${message.text}</arg>
<arg>${expected_message}</arg>
</arguments>
<status status="PASS" starttime="20200816 19:06:34.209" endtime="20200816 19:06:34.220"></status>
</kw>
<status status="PASS" starttime="20200816 19:06:34.200" endtime="20200816 19:06:34.220"></status>
</kw>
<kw name="Encerra sessão" library="base" type="teardown">
<kw name="Capture Page Screenshot" library="SeleniumLibrary">
<doc>Takes a screenshot of the current page and embeds it into a log file.</doc>
<msg timestamp="20200816 19:06:34.530" level="INFO" html="yes">&lt;/td&gt;&lt;/tr&gt;&lt;tr&gt;&lt;td colspan="3"&gt;&lt;a href="selenium-screenshot-35.png"&gt;&lt;img src="selenium-screenshot-35.png" width="800px"&gt;&lt;/a&gt;</msg>
<status status="PASS" starttime="20200816 19:06:34.221" endtime="20200816 19:06:34.531"></status>
</kw>
<kw name="Close Browser" library="SeleniumLibrary">
<doc>Closes the current browser.</doc>
<status status="PASS" starttime="20200816 19:06:34.531" endtime="20200816 19:06:34.608"></status>
</kw>
<status status="PASS" starttime="20200816 19:06:34.220" endtime="20200816 19:06:34.608"></status>
</kw>
<tags>
<tag>login_user404</tag>
</tags>
<status status="PASS" starttime="20200816 19:06:28.441" endtime="20200816 19:06:34.608" critical="yes"></status>
</test>
<status status="PASS" starttime="20200816 19:06:13.870" endtime="20200816 19:06:34.609"></status>
</suite>
<statistics>
<total>
<stat pass="3" fail="0">Critical Tests</stat>
<stat pass="3" fail="0">All Tests</stat>
</total>
<tag>
<stat pass="1" fail="0">login_error</stat>
<stat pass="1" fail="0">login_user404</stat>
</tag>
<suite>
<stat pass="3" fail="0" id="s1" name="Login Form">Login Form</stat>
</suite>
</statistics>
<errors>
</errors>
</robot>
